<?xml version="1.0" encoding="UTF-8"?>
<coverage line-rate="0.134782608695652" branch-rate="0" lines-covered="124" lines-valid="920" branches-covered="0" branches-valid="0" complexity="0" version="3.4.0" timestamp="2019-12-06 18:59:24">
  <sources/>
  <packages>
    <package name="butcher" line-rate="0.134782608695652" branch-rate="0" complexity="0">
      <classes>
        <class name="axe-generics.R" filename="R/axe-generics.R" line-rate="0.621621621621622" branch-rate="0" complexity="0">
          <methods>
            <method name="butcher" signature="" line-rate="1" branch-rate="0">
              <lines>
                <line number="19" hits="2" branch="false"/>
                <line number="20" hits="2" branch="false"/>
                <line number="21" hits="2" branch="false"/>
                <line number="22" hits="2" branch="false"/>
                <line number="23" hits="2" branch="false"/>
                <line number="24" hits="2" branch="false"/>
                <line number="26" hits="2" branch="false"/>
                <line number="27" hits="2" branch="false"/>
                <line number="28" hits="2" branch="false"/>
                <line number="29" hits="2" branch="false"/>
                <line number="30" hits="2" branch="false"/>
                <line number="31" hits="2" branch="false"/>
              </lines>
            </method>
            <method name="axe_call" signature="" line-rate="1" branch-rate="0">
              <lines>
                <line number="47" hits="4" branch="false"/>
              </lines>
            </method>
            <method name="axe_call.default" signature="" line-rate="0" branch-rate="0">
              <lines>
                <line number="52" hits="0" branch="false"/>
                <line number="53" hits="0" branch="false"/>
                <line number="54" hits="0" branch="false"/>
                <line number="56" hits="0" branch="false"/>
              </lines>
            </method>
            <method name="axe_ctrl" signature="" line-rate="1" branch-rate="0">
              <lines>
                <line number="72" hits="2" branch="false"/>
              </lines>
            </method>
            <method name="axe_ctrl.default" signature="" line-rate="0.75" branch-rate="0">
              <lines>
                <line number="77" hits="2" branch="false"/>
                <line number="78" hits="2" branch="false"/>
                <line number="79" hits="0" branch="false"/>
                <line number="81" hits="2" branch="false"/>
              </lines>
            </method>
            <method name="axe_data" signature="" line-rate="1" branch-rate="0">
              <lines>
                <line number="97" hits="2" branch="false"/>
              </lines>
            </method>
            <method name="axe_data.default" signature="" line-rate="0.75" branch-rate="0">
              <lines>
                <line number="102" hits="2" branch="false"/>
                <line number="103" hits="2" branch="false"/>
                <line number="104" hits="0" branch="false"/>
                <line number="106" hits="2" branch="false"/>
              </lines>
            </method>
            <method name="axe_env" signature="" line-rate="1" branch-rate="0">
              <lines>
                <line number="125" hits="12" branch="false"/>
              </lines>
            </method>
            <method name="axe_env.default" signature="" line-rate="0" branch-rate="0">
              <lines>
                <line number="130" hits="0" branch="false"/>
                <line number="131" hits="0" branch="false"/>
                <line number="132" hits="0" branch="false"/>
                <line number="134" hits="0" branch="false"/>
              </lines>
            </method>
            <method name="axe_fitted" signature="" line-rate="1" branch-rate="0">
              <lines>
                <line number="150" hits="3" branch="false"/>
              </lines>
            </method>
            <method name="axe_fitted.default" signature="" line-rate="0" branch-rate="0">
              <lines>
                <line number="155" hits="0" branch="false"/>
                <line number="156" hits="0" branch="false"/>
                <line number="157" hits="0" branch="false"/>
                <line number="159" hits="0" branch="false"/>
              </lines>
            </method>
          </methods>
          <lines>
            <line number="19" hits="2" branch="false"/>
            <line number="20" hits="2" branch="false"/>
            <line number="21" hits="2" branch="false"/>
            <line number="22" hits="2" branch="false"/>
            <line number="23" hits="2" branch="false"/>
            <line number="24" hits="2" branch="false"/>
            <line number="26" hits="2" branch="false"/>
            <line number="27" hits="2" branch="false"/>
            <line number="28" hits="2" branch="false"/>
            <line number="29" hits="2" branch="false"/>
            <line number="30" hits="2" branch="false"/>
            <line number="31" hits="2" branch="false"/>
            <line number="47" hits="4" branch="false"/>
            <line number="52" hits="0" branch="false"/>
            <line number="53" hits="0" branch="false"/>
            <line number="54" hits="0" branch="false"/>
            <line number="56" hits="0" branch="false"/>
            <line number="72" hits="2" branch="false"/>
            <line number="77" hits="2" branch="false"/>
            <line number="78" hits="2" branch="false"/>
            <line number="79" hits="0" branch="false"/>
            <line number="81" hits="2" branch="false"/>
            <line number="97" hits="2" branch="false"/>
            <line number="102" hits="2" branch="false"/>
            <line number="103" hits="2" branch="false"/>
            <line number="104" hits="0" branch="false"/>
            <line number="106" hits="2" branch="false"/>
            <line number="125" hits="12" branch="false"/>
            <line number="130" hits="0" branch="false"/>
            <line number="131" hits="0" branch="false"/>
            <line number="132" hits="0" branch="false"/>
            <line number="134" hits="0" branch="false"/>
            <line number="150" hits="3" branch="false"/>
            <line number="155" hits="0" branch="false"/>
            <line number="156" hits="0" branch="false"/>
            <line number="157" hits="0" branch="false"/>
            <line number="159" hits="0" branch="false"/>
          </lines>
        </class>
        <class name="c5.R" filename="R/c5.R" line-rate="0" branch-rate="0" complexity="0">
          <methods>
            <method name="axe_call.C5.0" signature="" line-rate="0" branch-rate="0">
              <lines>
                <line number="49" hits="0" branch="false"/>
                <line number="50" hits="0" branch="false"/>
                <line number="52" hits="0" branch="false"/>
                <line number="53" hits="0" branch="false"/>
                <line number="54" hits="0" branch="false"/>
                <line number="55" hits="0" branch="false"/>
                <line number="56" hits="0" branch="false"/>
                <line number="57" hits="0" branch="false"/>
              </lines>
            </method>
            <method name="axe_ctrl.C5.0" signature="" line-rate="0" branch-rate="0">
              <lines>
                <line number="65" hits="0" branch="false"/>
                <line number="66" hits="0" branch="false"/>
                <line number="68" hits="0" branch="false"/>
                <line number="69" hits="0" branch="false"/>
                <line number="70" hits="0" branch="false"/>
                <line number="71" hits="0" branch="false"/>
                <line number="72" hits="0" branch="false"/>
                <line number="73" hits="0" branch="false"/>
              </lines>
            </method>
            <method name="axe_fitted.C5.0" signature="" line-rate="0" branch-rate="0">
              <lines>
                <line number="81" hits="0" branch="false"/>
                <line number="82" hits="0" branch="false"/>
                <line number="84" hits="0" branch="false"/>
                <line number="85" hits="0" branch="false"/>
                <line number="86" hits="0" branch="false"/>
                <line number="87" hits="0" branch="false"/>
                <line number="88" hits="0" branch="false"/>
                <line number="89" hits="0" branch="false"/>
              </lines>
            </method>
          </methods>
          <lines>
            <line number="49" hits="0" branch="false"/>
            <line number="50" hits="0" branch="false"/>
            <line number="52" hits="0" branch="false"/>
            <line number="53" hits="0" branch="false"/>
            <line number="54" hits="0" branch="false"/>
            <line number="55" hits="0" branch="false"/>
            <line number="56" hits="0" branch="false"/>
            <line number="57" hits="0" branch="false"/>
            <line number="65" hits="0" branch="false"/>
            <line number="66" hits="0" branch="false"/>
            <line number="68" hits="0" branch="false"/>
            <line number="69" hits="0" branch="false"/>
            <line number="70" hits="0" branch="false"/>
            <line number="71" hits="0" branch="false"/>
            <line number="72" hits="0" branch="false"/>
            <line number="73" hits="0" branch="false"/>
            <line number="81" hits="0" branch="false"/>
            <line number="82" hits="0" branch="false"/>
            <line number="84" hits="0" branch="false"/>
            <line number="85" hits="0" branch="false"/>
            <line number="86" hits="0" branch="false"/>
            <line number="87" hits="0" branch="false"/>
            <line number="88" hits="0" branch="false"/>
            <line number="89" hits="0" branch="false"/>
          </lines>
        </class>
        <class name="classbagg.R" filename="R/classbagg.R" line-rate="0" branch-rate="0" complexity="0">
          <methods>
            <method name="axe_call.classbagg" signature="" line-rate="0" branch-rate="0">
              <lines>
                <line number="41" hits="0" branch="false"/>
                <line number="42" hits="0" branch="false"/>
                <line number="43" hits="0" branch="false"/>
                <line number="45" hits="0" branch="false"/>
                <line number="46" hits="0" branch="false"/>
                <line number="47" hits="0" branch="false"/>
                <line number="48" hits="0" branch="false"/>
                <line number="49" hits="0" branch="false"/>
                <line number="50" hits="0" branch="false"/>
              </lines>
            </method>
            <method name="axe_data.classbagg" signature="" line-rate="0" branch-rate="0">
              <lines>
                <line number="60" hits="0" branch="false"/>
                <line number="61" hits="0" branch="false"/>
                <line number="63" hits="0" branch="false"/>
                <line number="64" hits="0" branch="false"/>
                <line number="65" hits="0" branch="false"/>
                <line number="66" hits="0" branch="false"/>
                <line number="67" hits="0" branch="false"/>
              </lines>
            </method>
            <method name="axe_env.classbagg" signature="" line-rate="0" branch-rate="0">
              <lines>
                <line number="75" hits="0" branch="false"/>
                <line number="76" hits="0" branch="false"/>
                <line number="78" hits="0" branch="false"/>
                <line number="79" hits="0" branch="false"/>
                <line number="80" hits="0" branch="false"/>
                <line number="81" hits="0" branch="false"/>
                <line number="82" hits="0" branch="false"/>
              </lines>
            </method>
          </methods>
          <lines>
            <line number="41" hits="0" branch="false"/>
            <line number="42" hits="0" branch="false"/>
            <line number="43" hits="0" branch="false"/>
            <line number="45" hits="0" branch="false"/>
            <line number="46" hits="0" branch="false"/>
            <line number="47" hits="0" branch="false"/>
            <line number="48" hits="0" branch="false"/>
            <line number="49" hits="0" branch="false"/>
            <line number="50" hits="0" branch="false"/>
            <line number="60" hits="0" branch="false"/>
            <line number="61" hits="0" branch="false"/>
            <line number="63" hits="0" branch="false"/>
            <line number="64" hits="0" branch="false"/>
            <line number="65" hits="0" branch="false"/>
            <line number="66" hits="0" branch="false"/>
            <line number="67" hits="0" branch="false"/>
            <line number="75" hits="0" branch="false"/>
            <line number="76" hits="0" branch="false"/>
            <line number="78" hits="0" branch="false"/>
            <line number="79" hits="0" branch="false"/>
            <line number="80" hits="0" branch="false"/>
            <line number="81" hits="0" branch="false"/>
            <line number="82" hits="0" branch="false"/>
          </lines>
        </class>
        <class name="cv.R" filename="R/cv.R" line-rate="0" branch-rate="0" complexity="0">
          <methods>
            <method name="axe_fitted.cv.glmnet" signature="" line-rate="0" branch-rate="0">
              <lines>
                <line number="57" hits="0" branch="false"/>
                <line number="58" hits="0" branch="false"/>
                <line number="60" hits="0" branch="false"/>
                <line number="61" hits="0" branch="false"/>
                <line number="62" hits="0" branch="false"/>
                <line number="63" hits="0" branch="false"/>
                <line number="64" hits="0" branch="false"/>
              </lines>
            </method>
          </methods>
          <lines>
            <line number="57" hits="0" branch="false"/>
            <line number="58" hits="0" branch="false"/>
            <line number="60" hits="0" branch="false"/>
            <line number="61" hits="0" branch="false"/>
            <line number="62" hits="0" branch="false"/>
            <line number="63" hits="0" branch="false"/>
            <line number="64" hits="0" branch="false"/>
          </lines>
        </class>
        <class name="earth.R" filename="R/earth.R" line-rate="0" branch-rate="0" complexity="0">
          <methods>
            <method name="axe_call.earth" signature="" line-rate="0" branch-rate="0">
              <lines>
                <line number="34" hits="0" branch="false"/>
                <line number="35" hits="0" branch="false"/>
                <line number="37" hits="0" branch="false"/>
                <line number="38" hits="0" branch="false"/>
                <line number="39" hits="0" branch="false"/>
                <line number="40" hits="0" branch="false"/>
                <line number="41" hits="0" branch="false"/>
                <line number="42" hits="0" branch="false"/>
              </lines>
            </method>
            <method name="axe_data.earth" signature="" line-rate="0" branch-rate="0">
              <lines>
                <line number="50" hits="0" branch="false"/>
                <line number="51" hits="0" branch="false"/>
                <line number="52" hits="0" branch="false"/>
                <line number="54" hits="0" branch="false"/>
                <line number="55" hits="0" branch="false"/>
                <line number="56" hits="0" branch="false"/>
                <line number="57" hits="0" branch="false"/>
                <line number="58" hits="0" branch="false"/>
                <line number="59" hits="0" branch="false"/>
              </lines>
            </method>
            <method name="axe_fitted.earth" signature="" line-rate="0" branch-rate="0">
              <lines>
                <line number="67" hits="0" branch="false"/>
                <line number="68" hits="0" branch="false"/>
                <line number="70" hits="0" branch="false"/>
                <line number="71" hits="0" branch="false"/>
                <line number="72" hits="0" branch="false"/>
                <line number="73" hits="0" branch="false"/>
                <line number="74" hits="0" branch="false"/>
                <line number="75" hits="0" branch="false"/>
              </lines>
            </method>
          </methods>
          <lines>
            <line number="34" hits="0" branch="false"/>
            <line number="35" hits="0" branch="false"/>
            <line number="37" hits="0" branch="false"/>
            <line number="38" hits="0" branch="false"/>
            <line number="39" hits="0" branch="false"/>
            <line number="40" hits="0" branch="false"/>
            <line number="41" hits="0" branch="false"/>
            <line number="42" hits="0" branch="false"/>
            <line number="50" hits="0" branch="false"/>
            <line number="51" hits="0" branch="false"/>
            <line number="52" hits="0" branch="false"/>
            <line number="54" hits="0" branch="false"/>
            <line number="55" hits="0" branch="false"/>
            <line number="56" hits="0" branch="false"/>
            <line number="57" hits="0" branch="false"/>
            <line number="58" hits="0" branch="false"/>
            <line number="59" hits="0" branch="false"/>
            <line number="67" hits="0" branch="false"/>
            <line number="68" hits="0" branch="false"/>
            <line number="70" hits="0" branch="false"/>
            <line number="71" hits="0" branch="false"/>
            <line number="72" hits="0" branch="false"/>
            <line number="73" hits="0" branch="false"/>
            <line number="74" hits="0" branch="false"/>
            <line number="75" hits="0" branch="false"/>
          </lines>
        </class>
        <class name="elnet.R" filename="R/elnet.R" line-rate="0" branch-rate="0" complexity="0">
          <methods>
            <method name="axe_call.elnet" signature="" line-rate="0" branch-rate="0">
              <lines>
                <line number="46" hits="0" branch="false"/>
                <line number="47" hits="0" branch="false"/>
                <line number="49" hits="0" branch="false"/>
                <line number="50" hits="0" branch="false"/>
                <line number="51" hits="0" branch="false"/>
                <line number="52" hits="0" branch="false"/>
                <line number="53" hits="0" branch="false"/>
                <line number="54" hits="0" branch="false"/>
              </lines>
            </method>
          </methods>
          <lines>
            <line number="46" hits="0" branch="false"/>
            <line number="47" hits="0" branch="false"/>
            <line number="49" hits="0" branch="false"/>
            <line number="50" hits="0" branch="false"/>
            <line number="51" hits="0" branch="false"/>
            <line number="52" hits="0" branch="false"/>
            <line number="53" hits="0" branch="false"/>
            <line number="54" hits="0" branch="false"/>
          </lines>
        </class>
        <class name="example.R" filename="R/example.R" line-rate="0.666666666666667" branch-rate="0" complexity="0">
          <methods>
            <method name="butcher_example" signature="" line-rate="0.666666666666667" branch-rate="0">
              <lines>
                <line number="9" hits="1" branch="false"/>
                <line number="10" hits="1" branch="false"/>
                <line number="12" hits="0" branch="false"/>
              </lines>
            </method>
          </methods>
          <lines>
            <line number="9" hits="1" branch="false"/>
            <line number="10" hits="1" branch="false"/>
            <line number="12" hits="0" branch="false"/>
          </lines>
        </class>
        <class name="flexsurvreg.R" filename="R/flexsurvreg.R" line-rate="0" branch-rate="0" complexity="0">
          <methods>
            <method name="axe_call.flexsurvreg" signature="" line-rate="0" branch-rate="0">
              <lines>
                <line number="44" hits="0" branch="false"/>
                <line number="45" hits="0" branch="false"/>
                <line number="47" hits="0" branch="false"/>
                <line number="48" hits="0" branch="false"/>
                <line number="49" hits="0" branch="false"/>
                <line number="50" hits="0" branch="false"/>
                <line number="51" hits="0" branch="false"/>
                <line number="52" hits="0" branch="false"/>
              </lines>
            </method>
            <method name="axe_env.flexsurvreg" signature="" line-rate="0" branch-rate="0">
              <lines>
                <line number="60" hits="0" branch="false"/>
                <line number="61" hits="0" branch="false"/>
                <line number="62" hits="0" branch="false"/>
                <line number="63" hits="0" branch="false"/>
                <line number="65" hits="0" branch="false"/>
                <line number="66" hits="0" branch="false"/>
                <line number="67" hits="0" branch="false"/>
                <line number="68" hits="0" branch="false"/>
                <line number="69" hits="0" branch="false"/>
              </lines>
            </method>
          </methods>
          <lines>
            <line number="44" hits="0" branch="false"/>
            <line number="45" hits="0" branch="false"/>
            <line number="47" hits="0" branch="false"/>
            <line number="48" hits="0" branch="false"/>
            <line number="49" hits="0" branch="false"/>
            <line number="50" hits="0" branch="false"/>
            <line number="51" hits="0" branch="false"/>
            <line number="52" hits="0" branch="false"/>
            <line number="60" hits="0" branch="false"/>
            <line number="61" hits="0" branch="false"/>
            <line number="62" hits="0" branch="false"/>
            <line number="63" hits="0" branch="false"/>
            <line number="65" hits="0" branch="false"/>
            <line number="66" hits="0" branch="false"/>
            <line number="67" hits="0" branch="false"/>
            <line number="68" hits="0" branch="false"/>
            <line number="69" hits="0" branch="false"/>
          </lines>
        </class>
        <class name="formula.R" filename="R/formula.R" line-rate="0" branch-rate="0" complexity="0">
          <methods>
            <method name="axe_env.formula" signature="" line-rate="0" branch-rate="0">
              <lines>
                <line number="37" hits="0" branch="false"/>
                <line number="38" hits="0" branch="false"/>
                <line number="40" hits="0" branch="false"/>
                <line number="41" hits="0" branch="false"/>
                <line number="42" hits="0" branch="false"/>
                <line number="43" hits="0" branch="false"/>
                <line number="44" hits="0" branch="false"/>
              </lines>
            </method>
          </methods>
          <lines>
            <line number="37" hits="0" branch="false"/>
            <line number="38" hits="0" branch="false"/>
            <line number="40" hits="0" branch="false"/>
            <line number="41" hits="0" branch="false"/>
            <line number="42" hits="0" branch="false"/>
            <line number="43" hits="0" branch="false"/>
            <line number="44" hits="0" branch="false"/>
          </lines>
        </class>
        <class name="function.R" filename="R/function.R" line-rate="0" branch-rate="0" complexity="0">
          <methods>
            <method name="axe_env.function" signature="" line-rate="0" branch-rate="0">
              <lines>
                <line number="39" hits="0" branch="false"/>
                <line number="40" hits="0" branch="false"/>
                <line number="42" hits="0" branch="false"/>
                <line number="43" hits="0" branch="false"/>
                <line number="44" hits="0" branch="false"/>
                <line number="45" hits="0" branch="false"/>
                <line number="46" hits="0" branch="false"/>
                <line number="47" hits="0" branch="false"/>
              </lines>
            </method>
          </methods>
          <lines>
            <line number="39" hits="0" branch="false"/>
            <line number="40" hits="0" branch="false"/>
            <line number="42" hits="0" branch="false"/>
            <line number="43" hits="0" branch="false"/>
            <line number="44" hits="0" branch="false"/>
            <line number="45" hits="0" branch="false"/>
            <line number="46" hits="0" branch="false"/>
            <line number="47" hits="0" branch="false"/>
          </lines>
        </class>
        <class name="gausspr.R" filename="R/gausspr.R" line-rate="0" branch-rate="0" complexity="0">
          <methods>
            <method name="axe_call.gausspr" signature="" line-rate="0" branch-rate="0">
              <lines>
                <line number="34" hits="0" branch="false"/>
                <line number="35" hits="0" branch="false"/>
                <line number="37" hits="0" branch="false"/>
                <line number="38" hits="0" branch="false"/>
                <line number="39" hits="0" branch="false"/>
                <line number="40" hits="0" branch="false"/>
                <line number="41" hits="0" branch="false"/>
                <line number="42" hits="0" branch="false"/>
                <line number="43" hits="0" branch="false"/>
              </lines>
            </method>
            <method name="axe_data.gausspr" signature="" line-rate="0" branch-rate="0">
              <lines>
                <line number="51" hits="0" branch="false"/>
                <line number="52" hits="0" branch="false"/>
                <line number="54" hits="0" branch="false"/>
                <line number="55" hits="0" branch="false"/>
                <line number="56" hits="0" branch="false"/>
                <line number="57" hits="0" branch="false"/>
                <line number="58" hits="0" branch="false"/>
                <line number="59" hits="0" branch="false"/>
                <line number="60" hits="0" branch="false"/>
              </lines>
            </method>
            <method name="axe_env.gausspr" signature="" line-rate="0" branch-rate="0">
              <lines>
                <line number="68" hits="0" branch="false"/>
                <line number="69" hits="0" branch="false"/>
                <line number="71" hits="0" branch="false"/>
                <line number="72" hits="0" branch="false"/>
                <line number="73" hits="0" branch="false"/>
                <line number="74" hits="0" branch="false"/>
                <line number="75" hits="0" branch="false"/>
                <line number="76" hits="0" branch="false"/>
              </lines>
            </method>
            <method name="axe_fitted.gausspr" signature="" line-rate="0" branch-rate="0">
              <lines>
                <line number="84" hits="0" branch="false"/>
                <line number="85" hits="0" branch="false"/>
                <line number="87" hits="0" branch="false"/>
                <line number="88" hits="0" branch="false"/>
                <line number="89" hits="0" branch="false"/>
                <line number="90" hits="0" branch="false"/>
                <line number="91" hits="0" branch="false"/>
                <line number="92" hits="0" branch="false"/>
                <line number="93" hits="0" branch="false"/>
              </lines>
            </method>
          </methods>
          <lines>
            <line number="34" hits="0" branch="false"/>
            <line number="35" hits="0" branch="false"/>
            <line number="37" hits="0" branch="false"/>
            <line number="38" hits="0" branch="false"/>
            <line number="39" hits="0" branch="false"/>
            <line number="40" hits="0" branch="false"/>
            <line number="41" hits="0" branch="false"/>
            <line number="42" hits="0" branch="false"/>
            <line number="43" hits="0" branch="false"/>
            <line number="51" hits="0" branch="false"/>
            <line number="52" hits="0" branch="false"/>
            <line number="54" hits="0" branch="false"/>
            <line number="55" hits="0" branch="false"/>
            <line number="56" hits="0" branch="false"/>
            <line number="57" hits="0" branch="false"/>
            <line number="58" hits="0" branch="false"/>
            <line number="59" hits="0" branch="false"/>
            <line number="60" hits="0" branch="false"/>
            <line number="68" hits="0" branch="false"/>
            <line number="69" hits="0" branch="false"/>
            <line number="71" hits="0" branch="false"/>
            <line number="72" hits="0" branch="false"/>
            <line number="73" hits="0" branch="false"/>
            <line number="74" hits="0" branch="false"/>
            <line number="75" hits="0" branch="false"/>
            <line number="76" hits="0" branch="false"/>
            <line number="84" hits="0" branch="false"/>
            <line number="85" hits="0" branch="false"/>
            <line number="87" hits="0" branch="false"/>
            <line number="88" hits="0" branch="false"/>
            <line number="89" hits="0" branch="false"/>
            <line number="90" hits="0" branch="false"/>
            <line number="91" hits="0" branch="false"/>
            <line number="92" hits="0" branch="false"/>
            <line number="93" hits="0" branch="false"/>
          </lines>
        </class>
        <class name="glmnet.R" filename="R/glmnet.R" line-rate="0" branch-rate="0" complexity="0">
          <methods>
            <method name="axe_call.glmnet" signature="" line-rate="0" branch-rate="0">
              <lines>
                <line number="43" hits="0" branch="false"/>
                <line number="44" hits="0" branch="false"/>
                <line number="46" hits="0" branch="false"/>
                <line number="47" hits="0" branch="false"/>
                <line number="48" hits="0" branch="false"/>
                <line number="49" hits="0" branch="false"/>
                <line number="50" hits="0" branch="false"/>
                <line number="51" hits="0" branch="false"/>
              </lines>
            </method>
          </methods>
          <lines>
            <line number="43" hits="0" branch="false"/>
            <line number="44" hits="0" branch="false"/>
            <line number="46" hits="0" branch="false"/>
            <line number="47" hits="0" branch="false"/>
            <line number="48" hits="0" branch="false"/>
            <line number="49" hits="0" branch="false"/>
            <line number="50" hits="0" branch="false"/>
            <line number="51" hits="0" branch="false"/>
          </lines>
        </class>
        <class name="kknn.R" filename="R/kknn.R" line-rate="0" branch-rate="0" complexity="0">
          <methods>
            <method name="axe_call.kknn" signature="" line-rate="0" branch-rate="0">
              <lines>
                <line number="57" hits="0" branch="false"/>
                <line number="58" hits="0" branch="false"/>
                <line number="60" hits="0" branch="false"/>
                <line number="61" hits="0" branch="false"/>
                <line number="62" hits="0" branch="false"/>
                <line number="63" hits="0" branch="false"/>
                <line number="64" hits="0" branch="false"/>
                <line number="65" hits="0" branch="false"/>
              </lines>
            </method>
            <method name="axe_env.kknn" signature="" line-rate="0" branch-rate="0">
              <lines>
                <line number="73" hits="0" branch="false"/>
                <line number="74" hits="0" branch="false"/>
                <line number="76" hits="0" branch="false"/>
                <line number="77" hits="0" branch="false"/>
                <line number="78" hits="0" branch="false"/>
                <line number="79" hits="0" branch="false"/>
                <line number="80" hits="0" branch="false"/>
              </lines>
            </method>
            <method name="axe_fitted.kknn" signature="" line-rate="0" branch-rate="0">
              <lines>
                <line number="88" hits="0" branch="false"/>
                <line number="89" hits="0" branch="false"/>
                <line number="91" hits="0" branch="false"/>
                <line number="92" hits="0" branch="false"/>
                <line number="93" hits="0" branch="false"/>
                <line number="94" hits="0" branch="false"/>
                <line number="95" hits="0" branch="false"/>
                <line number="96" hits="0" branch="false"/>
              </lines>
            </method>
          </methods>
          <lines>
            <line number="57" hits="0" branch="false"/>
            <line number="58" hits="0" branch="false"/>
            <line number="60" hits="0" branch="false"/>
            <line number="61" hits="0" branch="false"/>
            <line number="62" hits="0" branch="false"/>
            <line number="63" hits="0" branch="false"/>
            <line number="64" hits="0" branch="false"/>
            <line number="65" hits="0" branch="false"/>
            <line number="73" hits="0" branch="false"/>
            <line number="74" hits="0" branch="false"/>
            <line number="76" hits="0" branch="false"/>
            <line number="77" hits="0" branch="false"/>
            <line number="78" hits="0" branch="false"/>
            <line number="79" hits="0" branch="false"/>
            <line number="80" hits="0" branch="false"/>
            <line number="88" hits="0" branch="false"/>
            <line number="89" hits="0" branch="false"/>
            <line number="91" hits="0" branch="false"/>
            <line number="92" hits="0" branch="false"/>
            <line number="93" hits="0" branch="false"/>
            <line number="94" hits="0" branch="false"/>
            <line number="95" hits="0" branch="false"/>
            <line number="96" hits="0" branch="false"/>
          </lines>
        </class>
        <class name="ksvm.R" filename="R/ksvm.R" line-rate="0" branch-rate="0" complexity="0">
          <methods>
            <method name="axe_call.ksvm" signature="" line-rate="0" branch-rate="0">
              <lines>
                <line number="37" hits="0" branch="false"/>
                <line number="38" hits="0" branch="false"/>
                <line number="40" hits="0" branch="false"/>
                <line number="41" hits="0" branch="false"/>
                <line number="42" hits="0" branch="false"/>
                <line number="43" hits="0" branch="false"/>
                <line number="44" hits="0" branch="false"/>
                <line number="45" hits="0" branch="false"/>
              </lines>
            </method>
            <method name="axe_data.ksvm" signature="" line-rate="0" branch-rate="0">
              <lines>
                <line number="53" hits="0" branch="false"/>
                <line number="54" hits="0" branch="false"/>
                <line number="56" hits="0" branch="false"/>
                <line number="57" hits="0" branch="false"/>
                <line number="58" hits="0" branch="false"/>
                <line number="59" hits="0" branch="false"/>
                <line number="60" hits="0" branch="false"/>
                <line number="61" hits="0" branch="false"/>
                <line number="62" hits="0" branch="false"/>
              </lines>
            </method>
            <method name="axe_fitted.ksvm" signature="" line-rate="0" branch-rate="0">
              <lines>
                <line number="70" hits="0" branch="false"/>
                <line number="71" hits="0" branch="false"/>
                <line number="73" hits="0" branch="false"/>
                <line number="74" hits="0" branch="false"/>
                <line number="75" hits="0" branch="false"/>
                <line number="76" hits="0" branch="false"/>
                <line number="77" hits="0" branch="false"/>
                <line number="78" hits="0" branch="false"/>
                <line number="79" hits="0" branch="false"/>
              </lines>
            </method>
          </methods>
          <lines>
            <line number="37" hits="0" branch="false"/>
            <line number="38" hits="0" branch="false"/>
            <line number="40" hits="0" branch="false"/>
            <line number="41" hits="0" branch="false"/>
            <line number="42" hits="0" branch="false"/>
            <line number="43" hits="0" branch="false"/>
            <line number="44" hits="0" branch="false"/>
            <line number="45" hits="0" branch="false"/>
            <line number="53" hits="0" branch="false"/>
            <line number="54" hits="0" branch="false"/>
            <line number="56" hits="0" branch="false"/>
            <line number="57" hits="0" branch="false"/>
            <line number="58" hits="0" branch="false"/>
            <line number="59" hits="0" branch="false"/>
            <line number="60" hits="0" branch="false"/>
            <line number="61" hits="0" branch="false"/>
            <line number="62" hits="0" branch="false"/>
            <line number="70" hits="0" branch="false"/>
            <line number="71" hits="0" branch="false"/>
            <line number="73" hits="0" branch="false"/>
            <line number="74" hits="0" branch="false"/>
            <line number="75" hits="0" branch="false"/>
            <line number="76" hits="0" branch="false"/>
            <line number="77" hits="0" branch="false"/>
            <line number="78" hits="0" branch="false"/>
            <line number="79" hits="0" branch="false"/>
          </lines>
        </class>
        <class name="lm.R" filename="R/lm.R" line-rate="1" branch-rate="0" complexity="0">
          <methods>
            <method name="axe_call.lm" signature="" line-rate="1" branch-rate="0">
              <lines>
                <line number="50" hits="4" branch="false"/>
                <line number="51" hits="4" branch="false"/>
                <line number="53" hits="4" branch="false"/>
                <line number="54" hits="4" branch="false"/>
                <line number="55" hits="4" branch="false"/>
                <line number="56" hits="4" branch="false"/>
                <line number="57" hits="4" branch="false"/>
                <line number="58" hits="4" branch="false"/>
              </lines>
            </method>
            <method name="axe_env.lm" signature="" line-rate="1" branch-rate="0">
              <lines>
                <line number="68" hits="4" branch="false"/>
                <line number="69" hits="4" branch="false"/>
                <line number="70" hits="4" branch="false"/>
                <line number="72" hits="4" branch="false"/>
                <line number="73" hits="4" branch="false"/>
                <line number="74" hits="4" branch="false"/>
                <line number="75" hits="4" branch="false"/>
                <line number="76" hits="4" branch="false"/>
              </lines>
            </method>
            <method name="axe_fitted.lm" signature="" line-rate="1" branch-rate="0">
              <lines>
                <line number="84" hits="3" branch="false"/>
                <line number="85" hits="3" branch="false"/>
                <line number="87" hits="3" branch="false"/>
                <line number="88" hits="3" branch="false"/>
                <line number="89" hits="3" branch="false"/>
                <line number="90" hits="3" branch="false"/>
                <line number="91" hits="3" branch="false"/>
                <line number="92" hits="3" branch="false"/>
              </lines>
            </method>
          </methods>
          <lines>
            <line number="50" hits="4" branch="false"/>
            <line number="51" hits="4" branch="false"/>
            <line number="53" hits="4" branch="false"/>
            <line number="54" hits="4" branch="false"/>
            <line number="55" hits="4" branch="false"/>
            <line number="56" hits="4" branch="false"/>
            <line number="57" hits="4" branch="false"/>
            <line number="58" hits="4" branch="false"/>
            <line number="68" hits="4" branch="false"/>
            <line number="69" hits="4" branch="false"/>
            <line number="70" hits="4" branch="false"/>
            <line number="72" hits="4" branch="false"/>
            <line number="73" hits="4" branch="false"/>
            <line number="74" hits="4" branch="false"/>
            <line number="75" hits="4" branch="false"/>
            <line number="76" hits="4" branch="false"/>
            <line number="84" hits="3" branch="false"/>
            <line number="85" hits="3" branch="false"/>
            <line number="87" hits="3" branch="false"/>
            <line number="88" hits="3" branch="false"/>
            <line number="89" hits="3" branch="false"/>
            <line number="90" hits="3" branch="false"/>
            <line number="91" hits="3" branch="false"/>
            <line number="92" hits="3" branch="false"/>
          </lines>
        </class>
        <class name="locate.R" filename="R/locate.R" line-rate="0.785714285714286" branch-rate="0" complexity="0">
          <methods>
            <method name="locate" signature="" line-rate="0.709677419354839" branch-rate="0">
              <lines>
                <line number="19" hits="4" branch="false"/>
                <line number="20" hits="0" branch="false"/>
                <line number="22" hits="4" branch="false"/>
                <line number="23" hits="4" branch="false"/>
                <line number="24" hits="4" branch="false"/>
                <line number="25" hits="4" branch="false"/>
                <line number="26" hits="4" branch="false"/>
                <line number="28" hits="3" branch="false"/>
                <line number="29" hits="1" branch="false"/>
                <line number="30" hits="1" branch="false"/>
                <line number="31" hits="2" branch="false"/>
                <line number="32" hits="1" branch="false"/>
                <line number="33" hits="1" branch="false"/>
                <line number="34" hits="1" branch="false"/>
                <line number="35" hits="1" branch="false"/>
                <line number="36" hits="1" branch="false"/>
                <line number="37" hits="0" branch="false"/>
                <line number="38" hits="0" branch="false"/>
                <line number="39" hits="0" branch="false"/>
                <line number="40" hits="1" branch="false"/>
                <line number="41" hits="0" branch="false"/>
                <line number="42" hits="0" branch="false"/>
                <line number="43" hits="0" branch="false"/>
                <line number="44" hits="1" branch="false"/>
                <line number="45" hits="1" branch="false"/>
                <line number="46" hits="1" branch="false"/>
                <line number="47" hits="1" branch="false"/>
                <line number="49" hits="0" branch="false"/>
                <line number="52" hits="3" branch="false"/>
                <line number="53" hits="3" branch="false"/>
                <line number="55" hits="0" branch="false"/>
              </lines>
            </method>
            <method name="butcher_map" signature="" line-rate="1" branch-rate="0">
              <lines>
                <line number="60" hits="87" branch="false"/>
                <line number="61" hits="12" branch="false"/>
                <line number="63" hits="75" branch="false"/>
                <line number="64" hits="75" branch="false"/>
              </lines>
            </method>
            <method name="butcher_unlist" signature="" line-rate="1" branch-rate="0">
              <lines>
                <line number="69" hits="12" branch="false"/>
                <line number="70" hits="12" branch="false"/>
                <line number="71" hits="12" branch="false"/>
                <line number="72" hits="12" branch="false"/>
              </lines>
            </method>
            <method name="find_environment" signature="" line-rate="1" branch-rate="0">
              <lines>
                <line number="76" hits="25" branch="false"/>
                <line number="77" hits="25" branch="false"/>
                <line number="78" hits="6" branch="false"/>
              </lines>
            </method>
          </methods>
          <lines>
            <line number="19" hits="4" branch="false"/>
            <line number="20" hits="0" branch="false"/>
            <line number="22" hits="4" branch="false"/>
            <line number="23" hits="4" branch="false"/>
            <line number="24" hits="4" branch="false"/>
            <line number="25" hits="4" branch="false"/>
            <line number="26" hits="4" branch="false"/>
            <line number="28" hits="3" branch="false"/>
            <line number="29" hits="1" branch="false"/>
            <line number="30" hits="1" branch="false"/>
            <line number="31" hits="2" branch="false"/>
            <line number="32" hits="1" branch="false"/>
            <line number="33" hits="1" branch="false"/>
            <line number="34" hits="1" branch="false"/>
            <line number="35" hits="1" branch="false"/>
            <line number="36" hits="1" branch="false"/>
            <line number="37" hits="0" branch="false"/>
            <line number="38" hits="0" branch="false"/>
            <line number="39" hits="0" branch="false"/>
            <line number="40" hits="1" branch="false"/>
            <line number="41" hits="0" branch="false"/>
            <line number="42" hits="0" branch="false"/>
            <line number="43" hits="0" branch="false"/>
            <line number="44" hits="1" branch="false"/>
            <line number="45" hits="1" branch="false"/>
            <line number="46" hits="1" branch="false"/>
            <line number="47" hits="1" branch="false"/>
            <line number="49" hits="0" branch="false"/>
            <line number="52" hits="3" branch="false"/>
            <line number="53" hits="3" branch="false"/>
            <line number="55" hits="0" branch="false"/>
            <line number="60" hits="87" branch="false"/>
            <line number="61" hits="12" branch="false"/>
            <line number="63" hits="75" branch="false"/>
            <line number="64" hits="75" branch="false"/>
            <line number="69" hits="12" branch="false"/>
            <line number="70" hits="12" branch="false"/>
            <line number="71" hits="12" branch="false"/>
            <line number="72" hits="12" branch="false"/>
            <line number="76" hits="25" branch="false"/>
            <line number="77" hits="25" branch="false"/>
            <line number="78" hits="6" branch="false"/>
          </lines>
        </class>
        <class name="mda.R" filename="R/mda.R" line-rate="0" branch-rate="0" complexity="0">
          <methods>
            <method name="axe_call.mda" signature="" line-rate="0" branch-rate="0">
              <lines>
                <line number="35" hits="0" branch="false"/>
                <line number="36" hits="0" branch="false"/>
                <line number="38" hits="0" branch="false"/>
                <line number="39" hits="0" branch="false"/>
                <line number="40" hits="0" branch="false"/>
                <line number="41" hits="0" branch="false"/>
                <line number="42" hits="0" branch="false"/>
                <line number="43" hits="0" branch="false"/>
              </lines>
            </method>
            <method name="axe_env.mda" signature="" line-rate="0" branch-rate="0">
              <lines>
                <line number="51" hits="0" branch="false"/>
                <line number="52" hits="0" branch="false"/>
                <line number="54" hits="0" branch="false"/>
                <line number="55" hits="0" branch="false"/>
                <line number="56" hits="0" branch="false"/>
                <line number="57" hits="0" branch="false"/>
                <line number="58" hits="0" branch="false"/>
              </lines>
            </method>
            <method name="axe_fitted.mda" signature="" line-rate="0" branch-rate="0">
              <lines>
                <line number="66" hits="0" branch="false"/>
                <line number="67" hits="0" branch="false"/>
                <line number="69" hits="0" branch="false"/>
                <line number="70" hits="0" branch="false"/>
                <line number="71" hits="0" branch="false"/>
                <line number="72" hits="0" branch="false"/>
                <line number="73" hits="0" branch="false"/>
              </lines>
            </method>
          </methods>
          <lines>
            <line number="35" hits="0" branch="false"/>
            <line number="36" hits="0" branch="false"/>
            <line number="38" hits="0" branch="false"/>
            <line number="39" hits="0" branch="false"/>
            <line number="40" hits="0" branch="false"/>
            <line number="41" hits="0" branch="false"/>
            <line number="42" hits="0" branch="false"/>
            <line number="43" hits="0" branch="false"/>
            <line number="51" hits="0" branch="false"/>
            <line number="52" hits="0" branch="false"/>
            <line number="54" hits="0" branch="false"/>
            <line number="55" hits="0" branch="false"/>
            <line number="56" hits="0" branch="false"/>
            <line number="57" hits="0" branch="false"/>
            <line number="58" hits="0" branch="false"/>
            <line number="66" hits="0" branch="false"/>
            <line number="67" hits="0" branch="false"/>
            <line number="69" hits="0" branch="false"/>
            <line number="70" hits="0" branch="false"/>
            <line number="71" hits="0" branch="false"/>
            <line number="72" hits="0" branch="false"/>
            <line number="73" hits="0" branch="false"/>
          </lines>
        </class>
        <class name="model_fit.R" filename="R/model_fit.R" line-rate="0" branch-rate="0" complexity="0">
          <methods>
            <method name="axe_call.model_fit" signature="" line-rate="0" branch-rate="0">
              <lines>
                <line number="41" hits="0" branch="false"/>
              </lines>
            </method>
            <method name="axe_ctrl.model_fit" signature="" line-rate="0" branch-rate="0">
              <lines>
                <line number="47" hits="0" branch="false"/>
              </lines>
            </method>
            <method name="axe_data.model_fit" signature="" line-rate="0" branch-rate="0">
              <lines>
                <line number="53" hits="0" branch="false"/>
              </lines>
            </method>
            <method name="axe_env.model_fit" signature="" line-rate="0" branch-rate="0">
              <lines>
                <line number="59" hits="0" branch="false"/>
              </lines>
            </method>
            <method name="axe_fitted.model_fit" signature="" line-rate="0" branch-rate="0">
              <lines>
                <line number="65" hits="0" branch="false"/>
              </lines>
            </method>
          </methods>
          <lines>
            <line number="41" hits="0" branch="false"/>
            <line number="47" hits="0" branch="false"/>
            <line number="53" hits="0" branch="false"/>
            <line number="59" hits="0" branch="false"/>
            <line number="65" hits="0" branch="false"/>
          </lines>
        </class>
        <class name="multnet.R" filename="R/multnet.R" line-rate="0" branch-rate="0" complexity="0">
          <methods>
            <method name="axe_call.multnet" signature="" line-rate="0" branch-rate="0">
              <lines>
                <line number="46" hits="0" branch="false"/>
                <line number="47" hits="0" branch="false"/>
                <line number="49" hits="0" branch="false"/>
                <line number="50" hits="0" branch="false"/>
                <line number="51" hits="0" branch="false"/>
                <line number="52" hits="0" branch="false"/>
                <line number="53" hits="0" branch="false"/>
                <line number="54" hits="0" branch="false"/>
              </lines>
            </method>
          </methods>
          <lines>
            <line number="46" hits="0" branch="false"/>
            <line number="47" hits="0" branch="false"/>
            <line number="49" hits="0" branch="false"/>
            <line number="50" hits="0" branch="false"/>
            <line number="51" hits="0" branch="false"/>
            <line number="52" hits="0" branch="false"/>
            <line number="53" hits="0" branch="false"/>
            <line number="54" hits="0" branch="false"/>
          </lines>
        </class>
        <class name="new.R" filename="R/new.R" line-rate="0" branch-rate="0" complexity="0">
          <methods>
            <method name="new_model_butcher" signature="" line-rate="0" branch-rate="0">
              <lines>
                <line number="23" hits="0" branch="false"/>
                <line number="24" hits="0" branch="false"/>
                <line number="26" hits="0" branch="false"/>
                <line number="27" hits="0" branch="false"/>
                <line number="29" hits="0" branch="false"/>
                <line number="30" hits="0" branch="false"/>
                <line number="31" hits="0" branch="false"/>
                <line number="34" hits="0" branch="false"/>
                <line number="35" hits="0" branch="false"/>
                <line number="37" hits="0" branch="false"/>
                <line number="38" hits="0" branch="false"/>
                <line number="39" hits="0" branch="false"/>
                <line number="41" hits="0" branch="false"/>
                <line number="44" hits="0" branch="false"/>
                <line number="45" hits="0" branch="false"/>
                <line number="46" hits="0" branch="false"/>
                <line number="48" hits="0" branch="false"/>
                <line number="49" hits="0" branch="false"/>
                <line number="50" hits="0" branch="false"/>
                <line number="52" hits="0" branch="false"/>
                <line number="53" hits="0" branch="false"/>
                <line number="54" hits="0" branch="false"/>
                <line number="55" hits="0" branch="false"/>
                <line number="56" hits="0" branch="false"/>
                <line number="57" hits="0" branch="false"/>
                <line number="58" hits="0" branch="false"/>
                <line number="59" hits="0" branch="false"/>
                <line number="60" hits="0" branch="false"/>
                <line number="62" hits="0" branch="false"/>
                <line number="63" hits="0" branch="false"/>
                <line number="64" hits="0" branch="false"/>
                <line number="65" hits="0" branch="false"/>
                <line number="66" hits="0" branch="false"/>
                <line number="70" hits="0" branch="false"/>
                <line number="71" hits="0" branch="false"/>
              </lines>
            </method>
          </methods>
          <lines>
            <line number="23" hits="0" branch="false"/>
            <line number="24" hits="0" branch="false"/>
            <line number="26" hits="0" branch="false"/>
            <line number="27" hits="0" branch="false"/>
            <line number="29" hits="0" branch="false"/>
            <line number="30" hits="0" branch="false"/>
            <line number="31" hits="0" branch="false"/>
            <line number="34" hits="0" branch="false"/>
            <line number="35" hits="0" branch="false"/>
            <line number="37" hits="0" branch="false"/>
            <line number="38" hits="0" branch="false"/>
            <line number="39" hits="0" branch="false"/>
            <line number="41" hits="0" branch="false"/>
            <line number="44" hits="0" branch="false"/>
            <line number="45" hits="0" branch="false"/>
            <line number="46" hits="0" branch="false"/>
            <line number="48" hits="0" branch="false"/>
            <line number="49" hits="0" branch="false"/>
            <line number="50" hits="0" branch="false"/>
            <line number="52" hits="0" branch="false"/>
            <line number="53" hits="0" branch="false"/>
            <line number="54" hits="0" branch="false"/>
            <line number="55" hits="0" branch="false"/>
            <line number="56" hits="0" branch="false"/>
            <line number="57" hits="0" branch="false"/>
            <line number="58" hits="0" branch="false"/>
            <line number="59" hits="0" branch="false"/>
            <line number="60" hits="0" branch="false"/>
            <line number="62" hits="0" branch="false"/>
            <line number="63" hits="0" branch="false"/>
            <line number="64" hits="0" branch="false"/>
            <line number="65" hits="0" branch="false"/>
            <line number="66" hits="0" branch="false"/>
            <line number="70" hits="0" branch="false"/>
            <line number="71" hits="0" branch="false"/>
          </lines>
        </class>
        <class name="nnet.R" filename="R/nnet.R" line-rate="0" branch-rate="0" complexity="0">
          <methods>
            <method name="axe_call.nnet" signature="" line-rate="0" branch-rate="0">
              <lines>
                <line number="44" hits="0" branch="false"/>
                <line number="45" hits="0" branch="false"/>
                <line number="47" hits="0" branch="false"/>
                <line number="48" hits="0" branch="false"/>
                <line number="49" hits="0" branch="false"/>
                <line number="50" hits="0" branch="false"/>
                <line number="51" hits="0" branch="false"/>
              </lines>
            </method>
            <method name="axe_env.nnet" signature="" line-rate="0" branch-rate="0">
              <lines>
                <line number="60" hits="0" branch="false"/>
                <line number="61" hits="0" branch="false"/>
                <line number="63" hits="0" branch="false"/>
                <line number="64" hits="0" branch="false"/>
                <line number="65" hits="0" branch="false"/>
                <line number="66" hits="0" branch="false"/>
                <line number="67" hits="0" branch="false"/>
              </lines>
            </method>
            <method name="axe_fitted.nnet" signature="" line-rate="0" branch-rate="0">
              <lines>
                <line number="75" hits="0" branch="false"/>
                <line number="76" hits="0" branch="false"/>
                <line number="78" hits="0" branch="false"/>
                <line number="79" hits="0" branch="false"/>
                <line number="80" hits="0" branch="false"/>
                <line number="81" hits="0" branch="false"/>
                <line number="82" hits="0" branch="false"/>
                <line number="83" hits="0" branch="false"/>
                <line number="84" hits="0" branch="false"/>
                <line number="85" hits="0" branch="false"/>
                <line number="86" hits="0" branch="false"/>
                <line number="87" hits="0" branch="false"/>
              </lines>
            </method>
          </methods>
          <lines>
            <line number="44" hits="0" branch="false"/>
            <line number="45" hits="0" branch="false"/>
            <line number="47" hits="0" branch="false"/>
            <line number="48" hits="0" branch="false"/>
            <line number="49" hits="0" branch="false"/>
            <line number="50" hits="0" branch="false"/>
            <line number="51" hits="0" branch="false"/>
            <line number="60" hits="0" branch="false"/>
            <line number="61" hits="0" branch="false"/>
            <line number="63" hits="0" branch="false"/>
            <line number="64" hits="0" branch="false"/>
            <line number="65" hits="0" branch="false"/>
            <line number="66" hits="0" branch="false"/>
            <line number="67" hits="0" branch="false"/>
            <line number="75" hits="0" branch="false"/>
            <line number="76" hits="0" branch="false"/>
            <line number="78" hits="0" branch="false"/>
            <line number="79" hits="0" branch="false"/>
            <line number="80" hits="0" branch="false"/>
            <line number="81" hits="0" branch="false"/>
            <line number="82" hits="0" branch="false"/>
            <line number="83" hits="0" branch="false"/>
            <line number="84" hits="0" branch="false"/>
            <line number="85" hits="0" branch="false"/>
            <line number="86" hits="0" branch="false"/>
            <line number="87" hits="0" branch="false"/>
          </lines>
        </class>
        <class name="randomForest.R" filename="R/randomForest.R" line-rate="0" branch-rate="0" complexity="0">
          <methods>
            <method name="axe_call.randomForest" signature="" line-rate="0" branch-rate="0">
              <lines>
                <line number="55" hits="0" branch="false"/>
                <line number="56" hits="0" branch="false"/>
                <line number="58" hits="0" branch="false"/>
                <line number="59" hits="0" branch="false"/>
                <line number="60" hits="0" branch="false"/>
                <line number="61" hits="0" branch="false"/>
                <line number="62" hits="0" branch="false"/>
                <line number="63" hits="0" branch="false"/>
              </lines>
            </method>
            <method name="axe_ctrl.randomForest" signature="" line-rate="0" branch-rate="0">
              <lines>
                <line number="71" hits="0" branch="false"/>
                <line number="72" hits="0" branch="false"/>
                <line number="74" hits="0" branch="false"/>
                <line number="75" hits="0" branch="false"/>
                <line number="76" hits="0" branch="false"/>
                <line number="77" hits="0" branch="false"/>
                <line number="78" hits="0" branch="false"/>
              </lines>
            </method>
            <method name="axe_env.randomForest" signature="" line-rate="0" branch-rate="0">
              <lines>
                <line number="86" hits="0" branch="false"/>
                <line number="87" hits="0" branch="false"/>
                <line number="89" hits="0" branch="false"/>
                <line number="90" hits="0" branch="false"/>
                <line number="91" hits="0" branch="false"/>
                <line number="92" hits="0" branch="false"/>
                <line number="93" hits="0" branch="false"/>
              </lines>
            </method>
          </methods>
          <lines>
            <line number="55" hits="0" branch="false"/>
            <line number="56" hits="0" branch="false"/>
            <line number="58" hits="0" branch="false"/>
            <line number="59" hits="0" branch="false"/>
            <line number="60" hits="0" branch="false"/>
            <line number="61" hits="0" branch="false"/>
            <line number="62" hits="0" branch="false"/>
            <line number="63" hits="0" branch="false"/>
            <line number="71" hits="0" branch="false"/>
            <line number="72" hits="0" branch="false"/>
            <line number="74" hits="0" branch="false"/>
            <line number="75" hits="0" branch="false"/>
            <line number="76" hits="0" branch="false"/>
            <line number="77" hits="0" branch="false"/>
            <line number="78" hits="0" branch="false"/>
            <line number="86" hits="0" branch="false"/>
            <line number="87" hits="0" branch="false"/>
            <line number="89" hits="0" branch="false"/>
            <line number="90" hits="0" branch="false"/>
            <line number="91" hits="0" branch="false"/>
            <line number="92" hits="0" branch="false"/>
            <line number="93" hits="0" branch="false"/>
          </lines>
        </class>
        <class name="ranger.R" filename="R/ranger.R" line-rate="0" branch-rate="0" complexity="0">
          <methods>
            <method name="axe_call.ranger" signature="" line-rate="0" branch-rate="0">
              <lines>
                <line number="55" hits="0" branch="false"/>
                <line number="56" hits="0" branch="false"/>
                <line number="58" hits="0" branch="false"/>
                <line number="59" hits="0" branch="false"/>
                <line number="60" hits="0" branch="false"/>
                <line number="61" hits="0" branch="false"/>
                <line number="62" hits="0" branch="false"/>
                <line number="63" hits="0" branch="false"/>
                <line number="64" hits="0" branch="false"/>
              </lines>
            </method>
            <method name="axe_fitted.ranger" signature="" line-rate="0" branch-rate="0">
              <lines>
                <line number="72" hits="0" branch="false"/>
                <line number="73" hits="0" branch="false"/>
                <line number="75" hits="0" branch="false"/>
                <line number="76" hits="0" branch="false"/>
                <line number="77" hits="0" branch="false"/>
                <line number="78" hits="0" branch="false"/>
                <line number="79" hits="0" branch="false"/>
                <line number="80" hits="0" branch="false"/>
                <line number="81" hits="0" branch="false"/>
              </lines>
            </method>
          </methods>
          <lines>
            <line number="55" hits="0" branch="false"/>
            <line number="56" hits="0" branch="false"/>
            <line number="58" hits="0" branch="false"/>
            <line number="59" hits="0" branch="false"/>
            <line number="60" hits="0" branch="false"/>
            <line number="61" hits="0" branch="false"/>
            <line number="62" hits="0" branch="false"/>
            <line number="63" hits="0" branch="false"/>
            <line number="64" hits="0" branch="false"/>
            <line number="72" hits="0" branch="false"/>
            <line number="73" hits="0" branch="false"/>
            <line number="75" hits="0" branch="false"/>
            <line number="76" hits="0" branch="false"/>
            <line number="77" hits="0" branch="false"/>
            <line number="78" hits="0" branch="false"/>
            <line number="79" hits="0" branch="false"/>
            <line number="80" hits="0" branch="false"/>
            <line number="81" hits="0" branch="false"/>
          </lines>
        </class>
        <class name="recipe.R" filename="R/recipe.R" line-rate="0" branch-rate="0" complexity="0">
          <methods>
            <method name="axe_env.recipe" signature="" line-rate="0" branch-rate="0">
              <lines>
                <line number="53" hits="0" branch="false"/>
                <line number="54" hits="0" branch="false"/>
                <line number="56" hits="0" branch="false"/>
                <line number="57" hits="0" branch="false"/>
                <line number="58" hits="0" branch="false"/>
                <line number="59" hits="0" branch="false"/>
                <line number="60" hits="0" branch="false"/>
              </lines>
            </method>
            <method name="axe_env.step" signature="" line-rate="0" branch-rate="0">
              <lines>
                <line number="70" hits="0" branch="false"/>
              </lines>
            </method>
            <method name="axe_env.step_arrange" signature="" line-rate="0" branch-rate="0">
              <lines>
                <line number="78" hits="0" branch="false"/>
                <line number="79" hits="0" branch="false"/>
              </lines>
            </method>
            <method name="axe_env.step_bagimpute" signature="" line-rate="0" branch-rate="0">
              <lines>
                <line number="87" hits="0" branch="false"/>
                <line number="88" hits="0" branch="false"/>
                <line number="89" hits="0" branch="false"/>
              </lines>
            </method>
            <method name="axe_env.step_bin2factor" signature="" line-rate="0" branch-rate="0">
              <lines>
                <line number="97" hits="0" branch="false"/>
                <line number="98" hits="0" branch="false"/>
              </lines>
            </method>
            <method name="axe_env.step_BoxCox" signature="" line-rate="0" branch-rate="0">
              <lines>
                <line number="106" hits="0" branch="false"/>
                <line number="107" hits="0" branch="false"/>
              </lines>
            </method>
            <method name="axe_env.step_bs" signature="" line-rate="0" branch-rate="0">
              <lines>
                <line number="115" hits="0" branch="false"/>
                <line number="116" hits="0" branch="false"/>
              </lines>
            </method>
            <method name="axe_env.step_center" signature="" line-rate="0" branch-rate="0">
              <lines>
                <line number="124" hits="0" branch="false"/>
                <line number="125" hits="0" branch="false"/>
              </lines>
            </method>
            <method name="axe_env.step_classdist" signature="" line-rate="0" branch-rate="0">
              <lines>
                <line number="133" hits="0" branch="false"/>
                <line number="134" hits="0" branch="false"/>
              </lines>
            </method>
            <method name="axe_env.step_corr" signature="" line-rate="0" branch-rate="0">
              <lines>
                <line number="142" hits="0" branch="false"/>
                <line number="143" hits="0" branch="false"/>
              </lines>
            </method>
            <method name="axe_env.step_count" signature="" line-rate="0" branch-rate="0">
              <lines>
                <line number="151" hits="0" branch="false"/>
                <line number="152" hits="0" branch="false"/>
              </lines>
            </method>
            <method name="axe_env.step_date" signature="" line-rate="0" branch-rate="0">
              <lines>
                <line number="160" hits="0" branch="false"/>
                <line number="161" hits="0" branch="false"/>
              </lines>
            </method>
            <method name="axe_env.step_depth" signature="" line-rate="0" branch-rate="0">
              <lines>
                <line number="169" hits="0" branch="false"/>
                <line number="170" hits="0" branch="false"/>
              </lines>
            </method>
            <method name="axe_env.step_discretize" signature="" line-rate="0" branch-rate="0">
              <lines>
                <line number="178" hits="0" branch="false"/>
                <line number="179" hits="0" branch="false"/>
              </lines>
            </method>
            <method name="axe_env.step_downsample" signature="" line-rate="0" branch-rate="0">
              <lines>
                <line number="187" hits="0" branch="false"/>
                <line number="188" hits="0" branch="false"/>
              </lines>
            </method>
            <method name="axe_env.step_dummy" signature="" line-rate="0" branch-rate="0">
              <lines>
                <line number="196" hits="0" branch="false"/>
                <line number="197" hits="0" branch="false"/>
              </lines>
            </method>
            <method name="axe_env.step_factor2string" signature="" line-rate="0" branch-rate="0">
              <lines>
                <line number="205" hits="0" branch="false"/>
                <line number="206" hits="0" branch="false"/>
              </lines>
            </method>
            <method name="axe_env.step_filter" signature="" line-rate="0" branch-rate="0">
              <lines>
                <line number="214" hits="0" branch="false"/>
                <line number="215" hits="0" branch="false"/>
              </lines>
            </method>
            <method name="axe_env.step_geodist" signature="" line-rate="0" branch-rate="0">
              <lines>
                <line number="223" hits="0" branch="false"/>
                <line number="224" hits="0" branch="false"/>
                <line number="225" hits="0" branch="false"/>
              </lines>
            </method>
            <method name="axe_env.step_holiday" signature="" line-rate="0" branch-rate="0">
              <lines>
                <line number="233" hits="0" branch="false"/>
                <line number="234" hits="0" branch="false"/>
              </lines>
            </method>
            <method name="axe_env.step_hyperbolic" signature="" line-rate="0" branch-rate="0">
              <lines>
                <line number="242" hits="0" branch="false"/>
                <line number="243" hits="0" branch="false"/>
              </lines>
            </method>
            <method name="axe_env.step_ica" signature="" line-rate="0" branch-rate="0">
              <lines>
                <line number="251" hits="0" branch="false"/>
                <line number="252" hits="0" branch="false"/>
              </lines>
            </method>
            <method name="axe_env.step_integer" signature="" line-rate="0" branch-rate="0">
              <lines>
                <line number="260" hits="0" branch="false"/>
                <line number="261" hits="0" branch="false"/>
              </lines>
            </method>
            <method name="axe_env.step_interact" signature="" line-rate="0" branch-rate="0">
              <lines>
                <line number="269" hits="0" branch="false"/>
                <line number="270" hits="0" branch="false"/>
              </lines>
            </method>
            <method name="axe_env.step_inverse" signature="" line-rate="0" branch-rate="0">
              <lines>
                <line number="278" hits="0" branch="false"/>
                <line number="279" hits="0" branch="false"/>
              </lines>
            </method>
            <method name="axe_env.step_invlogit" signature="" line-rate="0" branch-rate="0">
              <lines>
                <line number="287" hits="0" branch="false"/>
                <line number="288" hits="0" branch="false"/>
              </lines>
            </method>
            <method name="axe_env.step_isomap" signature="" line-rate="0" branch-rate="0">
              <lines>
                <line number="296" hits="0" branch="false"/>
                <line number="297" hits="0" branch="false"/>
              </lines>
            </method>
            <method name="axe_env.step_knnimpute" signature="" line-rate="0" branch-rate="0">
              <lines>
                <line number="305" hits="0" branch="false"/>
                <line number="306" hits="0" branch="false"/>
                <line number="307" hits="0" branch="false"/>
              </lines>
            </method>
            <method name="axe_env.step_kpca" signature="" line-rate="0" branch-rate="0">
              <lines>
                <line number="315" hits="0" branch="false"/>
                <line number="316" hits="0" branch="false"/>
              </lines>
            </method>
            <method name="axe_env.step_lag" signature="" line-rate="0" branch-rate="0">
              <lines>
                <line number="324" hits="0" branch="false"/>
                <line number="325" hits="0" branch="false"/>
              </lines>
            </method>
            <method name="axe_env.step_lincomb" signature="" line-rate="0" branch-rate="0">
              <lines>
                <line number="333" hits="0" branch="false"/>
                <line number="334" hits="0" branch="false"/>
              </lines>
            </method>
            <method name="axe_env.step_log" signature="" line-rate="0" branch-rate="0">
              <lines>
                <line number="342" hits="0" branch="false"/>
                <line number="343" hits="0" branch="false"/>
              </lines>
            </method>
            <method name="axe_env.step_logit" signature="" line-rate="0" branch-rate="0">
              <lines>
                <line number="351" hits="0" branch="false"/>
                <line number="352" hits="0" branch="false"/>
              </lines>
            </method>
            <method name="axe_env.step_lowerimpute" signature="" line-rate="0" branch-rate="0">
              <lines>
                <line number="360" hits="0" branch="false"/>
                <line number="361" hits="0" branch="false"/>
              </lines>
            </method>
            <method name="axe_env.step_meanimpute" signature="" line-rate="0" branch-rate="0">
              <lines>
                <line number="369" hits="0" branch="false"/>
                <line number="370" hits="0" branch="false"/>
              </lines>
            </method>
            <method name="axe_env.step_medianimpute" signature="" line-rate="0" branch-rate="0">
              <lines>
                <line number="378" hits="0" branch="false"/>
                <line number="379" hits="0" branch="false"/>
              </lines>
            </method>
            <method name="axe_env.step_modeimpute" signature="" line-rate="0" branch-rate="0">
              <lines>
                <line number="387" hits="0" branch="false"/>
                <line number="388" hits="0" branch="false"/>
              </lines>
            </method>
            <method name="axe_env.step_mutate" signature="" line-rate="0" branch-rate="0">
              <lines>
                <line number="396" hits="0" branch="false"/>
                <line number="397" hits="0" branch="false"/>
              </lines>
            </method>
            <method name="axe_env.step_naomit" signature="" line-rate="0" branch-rate="0">
              <lines>
                <line number="405" hits="0" branch="false"/>
                <line number="406" hits="0" branch="false"/>
              </lines>
            </method>
            <method name="axe_env.step_nnmf" signature="" line-rate="0" branch-rate="0">
              <lines>
                <line number="414" hits="0" branch="false"/>
                <line number="415" hits="0" branch="false"/>
              </lines>
            </method>
            <method name="axe_env.step_novel" signature="" line-rate="0" branch-rate="0">
              <lines>
                <line number="423" hits="0" branch="false"/>
                <line number="424" hits="0" branch="false"/>
              </lines>
            </method>
            <method name="axe_env.step_num2factor" signature="" line-rate="0" branch-rate="0">
              <lines>
                <line number="432" hits="0" branch="false"/>
                <line number="433" hits="0" branch="false"/>
              </lines>
            </method>
            <method name="axe_env.step_ns" signature="" line-rate="0" branch-rate="0">
              <lines>
                <line number="441" hits="0" branch="false"/>
                <line number="442" hits="0" branch="false"/>
              </lines>
            </method>
            <method name="axe_env.step_nzv" signature="" line-rate="0" branch-rate="0">
              <lines>
                <line number="450" hits="0" branch="false"/>
[...]
            <line number="84" hits="0" branch="false"/>
            <line number="85" hits="0" branch="false"/>
            <line number="86" hits="0" branch="false"/>
            <line number="87" hits="0" branch="false"/>
            <line number="88" hits="0" branch="false"/>
            <line number="96" hits="0" branch="false"/>
            <line number="97" hits="0" branch="false"/>
            <line number="99" hits="0" branch="false"/>
            <line number="100" hits="0" branch="false"/>
            <line number="101" hits="0" branch="false"/>
            <line number="102" hits="0" branch="false"/>
            <line number="103" hits="0" branch="false"/>
            <line number="104" hits="0" branch="false"/>
          </lines>
        </class>
        <class name="train.recipe.R" filename="R/train.recipe.R" line-rate="0" branch-rate="0" complexity="0">
          <methods>
            <method name="axe_call.train.recipe" signature="" line-rate="0" branch-rate="0">
              <lines>
                <line number="41" hits="0" branch="false"/>
                <line number="42" hits="0" branch="false"/>
                <line number="43" hits="0" branch="false"/>
              </lines>
            </method>
            <method name="axe_ctrl.train.recipe" signature="" line-rate="0" branch-rate="0">
              <lines>
                <line number="53" hits="0" branch="false"/>
                <line number="54" hits="0" branch="false"/>
              </lines>
            </method>
            <method name="axe_data.train.recipe" signature="" line-rate="0" branch-rate="0">
              <lines>
                <line number="62" hits="0" branch="false"/>
                <line number="63" hits="0" branch="false"/>
              </lines>
            </method>
            <method name="axe_env.train.recipe" signature="" line-rate="0" branch-rate="0">
              <lines>
                <line number="74" hits="0" branch="false"/>
                <line number="75" hits="0" branch="false"/>
                <line number="76" hits="0" branch="false"/>
              </lines>
            </method>
            <method name="axe_fitted.train.recipe" signature="" line-rate="0" branch-rate="0">
              <lines>
                <line number="87" hits="0" branch="false"/>
                <line number="88" hits="0" branch="false"/>
              </lines>
            </method>
          </methods>
          <lines>
            <line number="41" hits="0" branch="false"/>
            <line number="42" hits="0" branch="false"/>
            <line number="43" hits="0" branch="false"/>
            <line number="53" hits="0" branch="false"/>
            <line number="54" hits="0" branch="false"/>
            <line number="62" hits="0" branch="false"/>
            <line number="63" hits="0" branch="false"/>
            <line number="74" hits="0" branch="false"/>
            <line number="75" hits="0" branch="false"/>
            <line number="76" hits="0" branch="false"/>
            <line number="87" hits="0" branch="false"/>
            <line number="88" hits="0" branch="false"/>
          </lines>
        </class>
        <class name="ui.R" filename="R/ui.R" line-rate="0" branch-rate="0" complexity="0">
          <methods>
            <method name="memory_released" signature="" line-rate="0" branch-rate="0">
              <lines>
                <line number="17" hits="0" branch="false"/>
                <line number="18" hits="0" branch="false"/>
                <line number="19" hits="0" branch="false"/>
                <line number="20" hits="0" branch="false"/>
                <line number="21" hits="0" branch="false"/>
                <line number="22" hits="0" branch="false"/>
                <line number="23" hits="0" branch="false"/>
                <line number="25" hits="0" branch="false"/>
                <line number="28" hits="0" branch="false"/>
              </lines>
            </method>
            <method name="assess_object" signature="" line-rate="0" branch-rate="0">
              <lines>
                <line number="34" hits="0" branch="false"/>
                <line number="35" hits="0" branch="false"/>
                <line number="36" hits="0" branch="false"/>
                <line number="37" hits="0" branch="false"/>
                <line number="38" hits="0" branch="false"/>
                <line number="40" hits="0" branch="false"/>
                <line number="41" hits="0" branch="false"/>
                <line number="42" hits="0" branch="false"/>
                <line number="44" hits="0" branch="false"/>
                <line number="45" hits="0" branch="false"/>
                <line number="46" hits="0" branch="false"/>
              </lines>
            </method>
          </methods>
          <lines>
            <line number="17" hits="0" branch="false"/>
            <line number="18" hits="0" branch="false"/>
            <line number="19" hits="0" branch="false"/>
            <line number="20" hits="0" branch="false"/>
            <line number="21" hits="0" branch="false"/>
            <line number="22" hits="0" branch="false"/>
            <line number="23" hits="0" branch="false"/>
            <line number="25" hits="0" branch="false"/>
            <line number="28" hits="0" branch="false"/>
            <line number="34" hits="0" branch="false"/>
            <line number="35" hits="0" branch="false"/>
            <line number="36" hits="0" branch="false"/>
            <line number="37" hits="0" branch="false"/>
            <line number="38" hits="0" branch="false"/>
            <line number="40" hits="0" branch="false"/>
            <line number="41" hits="0" branch="false"/>
            <line number="42" hits="0" branch="false"/>
            <line number="44" hits="0" branch="false"/>
            <line number="45" hits="0" branch="false"/>
            <line number="46" hits="0" branch="false"/>
          </lines>
        </class>
        <class name="utilities.r" filename="R/utilities.r" line-rate="0.807692307692308" branch-rate="0" complexity="0">
          <methods>
            <method name="exchange" signature="" line-rate="1" branch-rate="0">
              <lines>
                <line number="4" hits="7" branch="false"/>
                <line number="5" hits="7" branch="false"/>
                <line number="6" hits="7" branch="false"/>
                <line number="7" hits="7" branch="false"/>
                <line number="8" hits="4" branch="false"/>
                <line number="9" hits="1" branch="false"/>
                <line number="13" hits="7" branch="false"/>
              </lines>
            </method>
            <method name="add_butcher_disabled" signature="" line-rate="1" branch-rate="0">
              <lines>
                <line number="18" hits="21" branch="false"/>
                <line number="19" hits="21" branch="false"/>
                <line number="20" hits="7" branch="false"/>
                <line number="21" hits="7" branch="false"/>
                <line number="23" hits="21" branch="false"/>
              </lines>
            </method>
            <method name="add_butcher_class" signature="" line-rate="1" branch-rate="0">
              <lines>
                <line number="28" hits="19" branch="false"/>
                <line number="29" hits="15" branch="false"/>
                <line number="31" hits="19" branch="false"/>
              </lines>
            </method>
            <method name="add_butcher_attributes" signature="" line-rate="0.857142857142857" branch-rate="0">
              <lines>
                <line number="36" hits="21" branch="false"/>
                <line number="37" hits="21" branch="false"/>
                <line number="38" hits="21" branch="false"/>
                <line number="39" hits="19" branch="false"/>
                <line number="42" hits="21" branch="false"/>
                <line number="43" hits="0" branch="false"/>
                <line number="45" hits="21" branch="false"/>
              </lines>
            </method>
            <method name="slug" signature="" line-rate="0" branch-rate="0">
              <lines>
                <line number="50" hits="0" branch="false"/>
                <line number="51" hits="0" branch="false"/>
                <line number="52" hits="0" branch="false"/>
                <line number="53" hits="0" branch="false"/>
              </lines>
            </method>
          </methods>
          <lines>
            <line number="4" hits="7" branch="false"/>
            <line number="5" hits="7" branch="false"/>
            <line number="6" hits="7" branch="false"/>
            <line number="7" hits="7" branch="false"/>
            <line number="8" hits="4" branch="false"/>
            <line number="9" hits="1" branch="false"/>
            <line number="13" hits="7" branch="false"/>
            <line number="18" hits="21" branch="false"/>
            <line number="19" hits="21" branch="false"/>
            <line number="20" hits="7" branch="false"/>
            <line number="21" hits="7" branch="false"/>
            <line number="23" hits="21" branch="false"/>
            <line number="28" hits="19" branch="false"/>
            <line number="29" hits="15" branch="false"/>
            <line number="31" hits="19" branch="false"/>
            <line number="36" hits="21" branch="false"/>
            <line number="37" hits="21" branch="false"/>
            <line number="38" hits="21" branch="false"/>
            <line number="39" hits="19" branch="false"/>
            <line number="42" hits="21" branch="false"/>
            <line number="43" hits="0" branch="false"/>
            <line number="45" hits="21" branch="false"/>
            <line number="50" hits="0" branch="false"/>
            <line number="51" hits="0" branch="false"/>
            <line number="52" hits="0" branch="false"/>
            <line number="53" hits="0" branch="false"/>
          </lines>
        </class>
        <class name="weigh.R" filename="R/weigh.R" line-rate="0.5" branch-rate="0" complexity="0">
          <methods>
            <method name="weigh" signature="" line-rate="1" branch-rate="0">
              <lines>
                <line number="22" hits="1" branch="false"/>
              </lines>
            </method>
            <method name="weigh.default" signature="" line-rate="0.8125" branch-rate="0">
              <lines>
                <line number="27" hits="1" branch="false"/>
                <line number="28" hits="1" branch="false"/>
                <line number="29" hits="1" branch="false"/>
                <line number="30" hits="1" branch="false"/>
                <line number="31" hits="0" branch="false"/>
                <line number="32" hits="0" branch="false"/>
                <line number="34" hits="0" branch="false"/>
                <line number="36" hits="1" branch="false"/>
                <line number="37" hits="1" branch="false"/>
                <line number="38" hits="1" branch="false"/>
                <line number="39" hits="1" branch="false"/>
                <line number="40" hits="1" branch="false"/>
                <line number="41" hits="1" branch="false"/>
                <line number="43" hits="1" branch="false"/>
                <line number="45" hits="1" branch="false"/>
                <line number="46" hits="1" branch="false"/>
              </lines>
            </method>
            <method name="weigh.stanreg" signature="" line-rate="0" branch-rate="0">
              <lines>
                <line number="51" hits="0" branch="false"/>
                <line number="52" hits="0" branch="false"/>
                <line number="53" hits="0" branch="false"/>
                <line number="55" hits="0" branch="false"/>
                <line number="56" hits="0" branch="false"/>
                <line number="57" hits="0" branch="false"/>
              </lines>
            </method>
            <method name="weigh.ksvm" signature="" line-rate="0" branch-rate="0">
              <lines>
                <line number="62" hits="0" branch="false"/>
                <line number="63" hits="0" branch="false"/>
                <line number="64" hits="0" branch="false"/>
                <line number="66" hits="0" branch="false"/>
              </lines>
            </method>
            <method name="weigh.model_fit" signature="" line-rate="0" branch-rate="0">
              <lines>
                <line number="71" hits="0" branch="false"/>
              </lines>
            </method>
          </methods>
          <lines>
            <line number="22" hits="1" branch="false"/>
            <line number="27" hits="1" branch="false"/>
            <line number="28" hits="1" branch="false"/>
            <line number="29" hits="1" branch="false"/>
            <line number="30" hits="1" branch="false"/>
            <line number="31" hits="0" branch="false"/>
            <line number="32" hits="0" branch="false"/>
            <line number="34" hits="0" branch="false"/>
            <line number="36" hits="1" branch="false"/>
            <line number="37" hits="1" branch="false"/>
            <line number="38" hits="1" branch="false"/>
            <line number="39" hits="1" branch="false"/>
            <line number="40" hits="1" branch="false"/>
            <line number="41" hits="1" branch="false"/>
            <line number="43" hits="1" branch="false"/>
            <line number="45" hits="1" branch="false"/>
            <line number="46" hits="1" branch="false"/>
            <line number="51" hits="0" branch="false"/>
            <line number="52" hits="0" branch="false"/>
            <line number="53" hits="0" branch="false"/>
            <line number="55" hits="0" branch="false"/>
            <line number="56" hits="0" branch="false"/>
            <line number="57" hits="0" branch="false"/>
            <line number="62" hits="0" branch="false"/>
            <line number="63" hits="0" branch="false"/>
            <line number="64" hits="0" branch="false"/>
            <line number="66" hits="0" branch="false"/>
            <line number="71" hits="0" branch="false"/>
          </lines>
        </class>
        <class name="xgb.R" filename="R/xgb.R" line-rate="0" branch-rate="0" complexity="0">
          <methods>
            <method name="axe_call.xgb.Booster" signature="" line-rate="0" branch-rate="0">
              <lines>
                <line number="44" hits="0" branch="false"/>
                <line number="45" hits="0" branch="false"/>
                <line number="47" hits="0" branch="false"/>
                <line number="48" hits="0" branch="false"/>
                <line number="49" hits="0" branch="false"/>
                <line number="50" hits="0" branch="false"/>
                <line number="51" hits="0" branch="false"/>
                <line number="52" hits="0" branch="false"/>
                <line number="53" hits="0" branch="false"/>
                <line number="54" hits="0" branch="false"/>
                <line number="55" hits="0" branch="false"/>
                <line number="56" hits="0" branch="false"/>
                <line number="57" hits="0" branch="false"/>
              </lines>
            </method>
            <method name="axe_ctrl.xgb.Booster" signature="" line-rate="0" branch-rate="0">
              <lines>
                <line number="65" hits="0" branch="false"/>
                <line number="66" hits="0" branch="false"/>
                <line number="68" hits="0" branch="false"/>
                <line number="69" hits="0" branch="false"/>
                <line number="70" hits="0" branch="false"/>
                <line number="71" hits="0" branch="false"/>
                <line number="72" hits="0" branch="false"/>
                <line number="73" hits="0" branch="false"/>
                <line number="74" hits="0" branch="false"/>
              </lines>
            </method>
            <method name="axe_env.xgb.Booster" signature="" line-rate="0" branch-rate="0">
              <lines>
                <line number="82" hits="0" branch="false"/>
                <line number="83" hits="0" branch="false"/>
                <line number="84" hits="0" branch="false"/>
                <line number="85" hits="0" branch="false"/>
                <line number="86" hits="0" branch="false"/>
                <line number="88" hits="0" branch="false"/>
                <line number="89" hits="0" branch="false"/>
                <line number="90" hits="0" branch="false"/>
                <line number="91" hits="0" branch="false"/>
                <line number="92" hits="0" branch="false"/>
                <line number="93" hits="0" branch="false"/>
              </lines>
            </method>
            <method name="axe_fitted.xgb.Booster" signature="" line-rate="0" branch-rate="0">
              <lines>
                <line number="102" hits="0" branch="false"/>
                <line number="103" hits="0" branch="false"/>
                <line number="105" hits="0" branch="false"/>
                <line number="106" hits="0" branch="false"/>
                <line number="107" hits="0" branch="false"/>
                <line number="108" hits="0" branch="false"/>
                <line number="109" hits="0" branch="false"/>
                <line number="110" hits="0" branch="false"/>
                <line number="111" hits="0" branch="false"/>
              </lines>
            </method>
          </methods>
          <lines>
            <line number="44" hits="0" branch="false"/>
            <line number="45" hits="0" branch="false"/>
            <line number="47" hits="0" branch="false"/>
            <line number="48" hits="0" branch="false"/>
            <line number="49" hits="0" branch="false"/>
            <line number="50" hits="0" branch="false"/>
            <line number="51" hits="0" branch="false"/>
            <line number="52" hits="0" branch="false"/>
            <line number="53" hits="0" branch="false"/>
            <line number="54" hits="0" branch="false"/>
            <line number="55" hits="0" branch="false"/>
            <line number="56" hits="0" branch="false"/>
            <line number="57" hits="0" branch="false"/>
            <line number="65" hits="0" branch="false"/>
            <line number="66" hits="0" branch="false"/>
            <line number="68" hits="0" branch="false"/>
            <line number="69" hits="0" branch="false"/>
            <line number="70" hits="0" branch="false"/>
            <line number="71" hits="0" branch="false"/>
            <line number="72" hits="0" branch="false"/>
            <line number="73" hits="0" branch="false"/>
            <line number="74" hits="0" branch="false"/>
            <line number="82" hits="0" branch="false"/>
            <line number="83" hits="0" branch="false"/>
            <line number="84" hits="0" branch="false"/>
            <line number="85" hits="0" branch="false"/>
            <line number="86" hits="0" branch="false"/>
            <line number="88" hits="0" branch="false"/>
            <line number="89" hits="0" branch="false"/>
            <line number="90" hits="0" branch="false"/>
            <line number="91" hits="0" branch="false"/>
            <line number="92" hits="0" branch="false"/>
            <line number="93" hits="0" branch="false"/>
            <line number="102" hits="0" branch="false"/>
            <line number="103" hits="0" branch="false"/>
            <line number="105" hits="0" branch="false"/>
            <line number="106" hits="0" branch="false"/>
            <line number="107" hits="0" branch="false"/>
            <line number="108" hits="0" branch="false"/>
            <line number="109" hits="0" branch="false"/>
            <line number="110" hits="0" branch="false"/>
            <line number="111" hits="0" branch="false"/>
          </lines>
        </class>
      </classes>
    </package>
  </packages>
</coverage>
